<?xml version="1.0" encoding="UTF-8"?>
<!-- Generated by org.testng.reporters.JUnitReportReporter -->
<testsuite hostname="vt-mac" failures="0" tests="1" name="practice.SVG" time="20.757" errors="0" timestamp="2022-02-20T13:52:34 IST" skipped="0">
  <testcase classname="practice.SVG" name="googleCoronaGraph" time="20.757"/>
  <system-out/>
</testsuite> <!-- practice.SVG -->
