<?xml version="1.0" encoding="UTF-8"?>
<!-- Generated by org.testng.reporters.JUnitReportReporter -->
<testsuite hostname="vt-mac" failures="0" tests="1" name="practice.hashmap.HashMapPractice" time="11.335" errors="0" timestamp="2022-02-20T12:58:55 IST" skipped="0">
  <testcase classname="practice.hashmap.HashMapPractice" name="hashMap" time="11.335"/>
  <system-out/>
</testsuite> <!-- practice.hashmap.HashMapPractice -->
