<?xml version="1.0" encoding="UTF-8"?>
<!-- Generated by org.testng.reporters.JUnitReportReporter -->
<testsuite hostname="vt-mac" failures="0" tests="1" name="practice.WindowHandling" time="15.423" errors="0" timestamp="2022-02-20T23:05:32 IST" skipped="0">
  <testcase classname="practice.WindowHandling" name="windowsHandling" time="15.423"/>
  <system-out/>
</testsuite> <!-- practice.WindowHandling -->
