<?xml version="1.0" encoding="UTF-8"?>
<!-- Generated by org.testng.reporters.JUnitReportReporter -->
<testsuite hostname="vt-mac" failures="0" tests="1" name="practice.WebTableHandling" time="10.495" errors="0" timestamp="2022-02-20T20:53:06 IST" skipped="0">
  <testcase classname="practice.WebTableHandling" name="printWebTableData" time="10.495"/>
  <system-out/>
</testsuite> <!-- practice.WebTableHandling -->
