<?xml version="1.0" encoding="UTF-8"?>
<!-- Generated by org.testng.reporters.JUnitReportReporter -->
<testsuite hostname="vt-mac" failures="0" tests="4" name="practice.DataProviders" time="0.003" errors="0" timestamp="2022-02-20T19:29:34 IST" skipped="0">
  <testcase classname="practice.DataProviders" name="login" time="0.003"/>
  <system-out/>
  <testcase classname="practice.DataProviders" name="login" time="0.000"/>
  <system-out/>
  <testcase classname="practice.DataProviders" name="login" time="0.000"/>
  <system-out/>
  <testcase classname="practice.DataProviders" name="login" time="0.000"/>
  <system-out/>
</testsuite> <!-- practice.DataProviders -->
