<?xml version="1.0" encoding="UTF-8"?>
<!-- Generated by org.testng.reporters.JUnitReportReporter -->
<testsuite hostname="vt-mac" failures="0" tests="1" name="practice.Screenshot" time="3.269" errors="0" timestamp="2022-02-20T14:23:40 IST" skipped="0">
  <testcase classname="practice.Screenshot" name="testScreenshot" time="3.269"/>
  <system-out/>
</testsuite> <!-- practice.Screenshot -->
