<?xml version="1.0" encoding="UTF-8"?>
<!-- Generated by org.testng.reporters.JUnitReportReporter -->
<testsuite hostname="vt-mac" failures="0" tests="1" name="practice.AlertsHandling" time="14.010" errors="0" timestamp="2022-02-20T23:22:44 IST" skipped="0">
  <testcase classname="practice.AlertsHandling" name="alertsHandling" time="14.010"/>
  <system-out/>
</testsuite> <!-- practice.AlertsHandling -->
