<?xml version="1.0" encoding="UTF-8"?>
<!-- Generated by org.testng.reporters.JUnitReportReporter -->
<testsuite hostname="vt-mac" failures="0" tests="2" name="practice.TestNGFlow" time="0.002" errors="0" timestamp="2022-03-27T09:29:30 IST" skipped="0">
  <testcase classname="practice.TestNGFlow" name="verifyURL" time="0.000"/>
  <system-out/>
  <testcase classname="practice.TestNGFlow" name="verifyTitle" time="0.002"/>
  <system-out/>
</testsuite> <!-- practice.TestNGFlow -->
