<?xml version="1.0" encoding="UTF-8"?>
<!-- Generated by org.testng.reporters.JUnitReportReporter -->
<testsuite hostname="vt-mac" failures="0" tests="1" name="practice.TestNGParameters" time="0.003" errors="0" timestamp="2022-02-20T15:03:03 IST" skipped="0">
  <testcase classname="practice.TestNGParameters" name="methodsParameters" time="0.003"/>
  <system-out/>
</testsuite> <!-- practice.TestNGParameters -->
